{"name":"Delete record","status":"failed","statusDetails":{"known":false,"muted":false,"flaky":false,"message":"Unable to find element with By.xpath: //*[@id=\"answersets-data\"]/tr/td[1]","trace":"java.lang.AssertionError: Unable to find element with By.xpath: //*[@id=\"answersets-data\"]/tr/td[1]\r\n\tat org.testng.Assert.fail(Assert.java:97)\r\n\tat setUp.coreFunctions.getElement(coreFunctions.java:168)\r\n\tat setUp.coreFunctions.mouseover(coreFunctions.java:281)\r\n\tat Pages.homeScreenPage.deleteQuestionaire(homeScreenPage.java:66)\r\n\tat Tests.singleSignOn.confirmAndDelete(singleSignOn.java:66)\r\n\tat java.base/jdk.internal.reflect.NativeMethodAccessorImpl.invoke0(Native Method)\r\n\tat java.base/jdk.internal.reflect.NativeMethodAccessorImpl.invoke(NativeMethodAccessorImpl.java:62)\r\n\tat java.base/jdk.internal.reflect.DelegatingMethodAccessorImpl.invoke(DelegatingMethodAccessorImpl.java:43)\r\n\tat java.base/java.lang.reflect.Method.invoke(Method.java:566)\r\n\tat org.testng.internal.MethodInvocationHelper.invokeMethod(MethodInvocationHelper.java:133)\r\n\tat org.testng.internal.TestInvoker.invokeMethod(TestInvoker.java:584)\r\n\tat org.testng.internal.TestInvoker.invokeTestMethod(TestInvoker.java:172)\r\n\tat org.testng.internal.MethodRunner.runInSequence(MethodRunner.java:46)\r\n\tat org.testng.internal.TestInvoker$MethodInvocationAgent.invoke(TestInvoker.java:804)\r\n\tat org.testng.internal.TestInvoker.invokeTestMethods(TestInvoker.java:145)\r\n\tat org.testng.internal.TestMethodWorker.invokeTestMethods(TestMethodWorker.java:146)\r\n\tat org.testng.internal.TestMethodWorker.run(TestMethodWorker.java:128)\r\n\tat java.base/java.util.ArrayList.forEach(ArrayList.java:1540)\r\n\tat org.testng.TestRunner.privateRun(TestRunner.java:770)\r\n\tat org.testng.TestRunner.run(TestRunner.java:591)\r\n\tat org.testng.SuiteRunner.runTest(SuiteRunner.java:402)\r\n\tat org.testng.SuiteRunner.runSequentially(SuiteRunner.java:396)\r\n\tat org.testng.SuiteRunner.privateRun(SuiteRunner.java:355)\r\n\tat org.testng.SuiteRunner.run(SuiteRunner.java:304)\r\n\tat org.testng.SuiteRunnerWorker.runSuite(SuiteRunnerWorker.java:53)\r\n\tat org.testng.SuiteRunnerWorker.run(SuiteRunnerWorker.java:96)\r\n\tat org.testng.TestNG.runSuitesSequentially(TestNG.java:1180)\r\n\tat org.testng.TestNG.runSuitesLocally(TestNG.java:1102)\r\n\tat org.testng.TestNG.runSuites(TestNG.java:1032)\r\n\tat org.testng.TestNG.run(TestNG.java:1000)\r\n\tat com.intellij.rt.testng.IDEARemoteTestNG.run(IDEARemoteTestNG.java:66)\r\n\tat com.intellij.rt.testng.RemoteTestNGStarter.main(RemoteTestNGStarter.java:109)\r\n"},"stage":"finished","description":"Delete record","steps":[{"name":"Login production environment ","status":"passed","stage":"finished","steps":[{"name":"Enter email credentials for PwC authentication ","status":"passed","stage":"finished","steps":[],"attachments":[],"parameters":[{"name":"driver","value":"ChromeDriver: chrome on WINDOWS (f39576d858087d5e51f6996a2d892680)"},{"name":"Login","value":"John.edgal@pwc.com"}],"start":1602668023348,"stop":1602668023642}],"attachments":[],"parameters":[{"name":"driver","value":"ChromeDriver: chrome on WINDOWS (f39576d858087d5e51f6996a2d892680)"}],"start":1602668021899,"stop":1602668023642},{"name":"Confirm home page title and navigate to answerset page ","status":"passed","stage":"finished","steps":[{"name":"Select a specific menu option","status":"passed","stage":"finished","steps":[],"attachments":[],"parameters":[{"name":"driver","value":"ChromeDriver: chrome on WINDOWS (f39576d858087d5e51f6996a2d892680)"},{"name":"strelement","value":"By.xpath: //*[@id=\"answersets-link\"]/span[2]"}],"start":1602668028917,"stop":1602668032264}],"attachments":[],"parameters":[{"name":"driver","value":"ChromeDriver: chrome on WINDOWS (f39576d858087d5e51f6996a2d892680)"}],"start":1602668023642,"stop":1602668035265},{"name":"Resume answering questionaire","status":"failed","statusDetails":{"known":false,"muted":false,"flaky":false,"message":"Unable to find element with By.xpath: //*[@id=\"answersets-data\"]/tr/td[1]","trace":"java.lang.AssertionError: Unable to find element with By.xpath: //*[@id=\"answersets-data\"]/tr/td[1]\r\n\tat org.testng.Assert.fail(Assert.java:97)\r\n\tat setUp.coreFunctions.getElement(coreFunctions.java:168)\r\n\tat setUp.coreFunctions.mouseover(coreFunctions.java:281)\r\n\tat Pages.homeScreenPage.deleteQuestionaire(homeScreenPage.java:66)\r\n\tat Tests.singleSignOn.confirmAndDelete(singleSignOn.java:66)\r\n\tat java.base/jdk.internal.reflect.NativeMethodAccessorImpl.invoke0(Native Method)\r\n\tat java.base/jdk.internal.reflect.NativeMethodAccessorImpl.invoke(NativeMethodAccessorImpl.java:62)\r\n\tat java.base/jdk.internal.reflect.DelegatingMethodAccessorImpl.invoke(DelegatingMethodAccessorImpl.java:43)\r\n\tat java.base/java.lang.reflect.Method.invoke(Method.java:566)\r\n\tat org.testng.internal.MethodInvocationHelper.invokeMethod(MethodInvocationHelper.java:133)\r\n\tat org.testng.internal.TestInvoker.invokeMethod(TestInvoker.java:584)\r\n\tat org.testng.internal.TestInvoker.invokeTestMethod(TestInvoker.java:172)\r\n\tat org.testng.internal.MethodRunner.runInSequence(MethodRunner.java:46)\r\n\tat org.testng.internal.TestInvoker$MethodInvocationAgent.invoke(TestInvoker.java:804)\r\n\tat org.testng.internal.TestInvoker.invokeTestMethods(TestInvoker.java:145)\r\n\tat org.testng.internal.TestMethodWorker.invokeTestMethods(TestMethodWorker.java:146)\r\n\tat org.testng.internal.TestMethodWorker.run(TestMethodWorker.java:128)\r\n\tat java.base/java.util.ArrayList.forEach(ArrayList.java:1540)\r\n\tat org.testng.TestRunner.privateRun(TestRunner.java:770)\r\n\tat org.testng.TestRunner.run(TestRunner.java:591)\r\n\tat org.testng.SuiteRunner.runTest(SuiteRunner.java:402)\r\n\tat org.testng.SuiteRunner.runSequentially(SuiteRunner.java:396)\r\n\tat org.testng.SuiteRunner.privateRun(SuiteRunner.java:355)\r\n\tat org.testng.SuiteRunner.run(SuiteRunner.java:304)\r\n\tat org.testng.SuiteRunnerWorker.runSuite(SuiteRunnerWorker.java:53)\r\n\tat org.testng.SuiteRunnerWorker.run(SuiteRunnerWorker.java:96)\r\n\tat org.testng.TestNG.runSuitesSequentially(TestNG.java:1180)\r\n\tat org.testng.TestNG.runSuitesLocally(TestNG.java:1102)\r\n\tat org.testng.TestNG.runSuites(TestNG.java:1032)\r\n\tat org.testng.TestNG.run(TestNG.java:1000)\r\n\tat com.intellij.rt.testng.IDEARemoteTestNG.run(IDEARemoteTestNG.java:66)\r\n\tat com.intellij.rt.testng.RemoteTestNGStarter.main(RemoteTestNGStarter.java:109)\r\n"},"stage":"finished","steps":[{"name":"Search for a specific record","status":"passed","stage":"finished","steps":[],"attachments":[],"parameters":[{"name":"driver","value":"ChromeDriver: chrome on WINDOWS (f39576d858087d5e51f6996a2d892680)"}],"start":1602668035265,"stop":1602668035474}],"attachments":[],"parameters":[{"name":"driver","value":"ChromeDriver: chrome on WINDOWS (f39576d858087d5e51f6996a2d892680)"}],"start":1602668035265,"stop":1602668036604}],"attachments":[],"parameters":[],"start":1602668021899,"stop":1602668036605,"uuid":"b13ca108-f205-4c1f-849d-5e1bcb5329ba","historyId":"eac41e4381e6a2915062c44adde93cac","fullName":"Tests.singleSignOn.confirmAndDelete","labels":[{"name":"package","value":"Tests.singleSignOn"},{"name":"testClass","value":"Tests.singleSignOn"},{"name":"testMethod","value":"confirmAndDelete"},{"name":"parentSuite","value":"Regression Suite"},{"name":"suite","value":"Regression Suit"},{"name":"subSuite","value":"Tests.singleSignOn"},{"name":"host","value":"UK000824"},{"name":"thread","value":"7900@UK000824.main(1)"},{"name":"framework","value":"testng"},{"name":"language","value":"java"}],"links":[]}